<?xml version="1.0" encoding="UTF-8"?>
<!-- Generated by org.testng.reporters.JUnitReportReporter -->
<testsuite hostname="selenium22" failures="0" tests="1" name="runners.Test_Runners" time="3.733" errors="0" timestamp="2024-12-24T15:55:15 IST" skipped="0">
  <testcase classname="runners.Test_Runners" name="runScenario" time="3.733"/>
</testsuite> <!-- runners.Test_Runners -->
