<?xml version="1.0" encoding="UTF-8"?>
<!-- Generated by org.testng.reporters.JUnitReportReporter -->
<testsuite hostname="selenium22" failures="0" tests="1" name="stepsdeffi.ArticleStepDeffs" time="1.570" errors="0" timestamp="2024-12-24T16:41:57 IST" skipped="0">
  <testcase classname="stepsdeffi.ArticleStepDeffs" name="setup" time="1.570"/>
</testsuite> <!-- stepsdeffi.ArticleStepDeffs -->
