<?xml version="1.0" encoding="UTF-8"?>
<!-- Generated by org.testng.reporters.JUnitReportReporter -->
<testsuite hostname="selenium22" failures="0" tests="1" name="runners.Test_Runners" time="5.966" errors="0" timestamp="2024-12-25T16:04:27 IST" skipped="0">
  <testcase classname="runners.Test_Runners" name="runScenario" time="5.966"/>
  <system-out/>
</testsuite> <!-- runners.Test_Runners -->
